C51 COMPILER V9.55   HW3                                                                   05/02/2016 00:20:05 PAGE 1   


C51 COMPILER V9.55, COMPILATION OF MODULE HW3
OBJECT MODULE PLACED IN .\Objects\hw3.obj
COMPILER INVOKED BY: C:\Keil_v5\C51\BIN\C51.EXE hw3.c OPTIMIZE(8,SPEED) BROWSE DEBUG OBJECTEXTEND PRINT(.\Listings\hw3.l
                    -st) TABS(2) OBJECT(.\Objects\hw3.obj)

line level    source

   1          #include <reg51.h>
   2          void delay10ms(int count)
   3          {
   4   1        int i,j;
   5   1        for(i=0;i<count;i++)
   6   1        for(j=0;j<1940;j++);
   7   1      }
   8          
   9          void main()
  10          {
  11   1        
  12   1        P2=0xFE;
  13   1        delay10ms(100);
  14   1        P2=0xFD;
  15   1        delay10ms(100);
  16   1        P2=0xFB;
  17   1        delay10ms(100);
  18   1        P2=0xF7;
  19   1        delay10ms(100);
  20   1        P2=0xEF;
  21   1        delay10ms(100);
  22   1        P2=0xDF;
  23   1        delay10ms(100);
  24   1        P2=0xBF;
  25   1        delay10ms(100);
  26   1        P2=0x7F;
  27   1        delay10ms(100);
  28   1      }


MODULE INFORMATION:   STATIC OVERLAYABLE
   CODE SIZE        =     90    ----
   CONSTANT SIZE    =   ----    ----
   XDATA SIZE       =   ----    ----
   PDATA SIZE       =   ----    ----
   DATA SIZE        =   ----    ----
   IDATA SIZE       =   ----    ----
   BIT SIZE         =   ----    ----
END OF MODULE INFORMATION.


C51 COMPILATION COMPLETE.  0 WARNING(S),  0 ERROR(S)
